00007 : Undefined symbol mask6!
00008 : Undefined symbol sonaren!
00009 : Undefined symbol dist6!
00018 : Undefined symbol sonaren!
00021 : Undefined symbol sonaren!
00030 : Undefined symbol detectintruder!
00034 : Undefined symbol beep!
00035 : Undefined symbol detectintruder!
00043 : Undefined symbol mask1!
00044 : Undefined symbol mask2!
00045 : Undefined symbol mask3!
00046 : Undefined symbol mask6!
00051 : Undefined symbol dist1!
00053 : Undefined symbol dist2!
00055 : Undefined symbol dist3!
00057 : Undefined symbol dist4!
00059 : Undefined symbol dist6!
00068 : Undefined symbol dist1!
00074 : Undefined symbol dist2!
00076 : Undefined symbol abs!
00080 : Undefined symbol dist3!
00082 : Undefined symbol abs!
00086 : Undefined symbol dist4!
00088 : Undefined symbol abs!
00092 : Undefined symbol dist6!
00094 : Undefined symbol abs!
